# Logfile created on 2013-11-02 17:52:07 -0600 by logger.rb/36483
I, [2013-11-02T17:52:10.751468 #23906]  INFO -- : get https://api.vineapp.com/vines/1
D, [2013-11-02T17:52:10.751558 #23906] DEBUG -- request: User-Agent: "iphone/1.3.1 (iPhone; iOS 6.1.4; Scale/2.00)"
vine-session-id: "973085261472874496-73b1ba72-552e-4f0c-bb16-650d9f7562c3"
Content-Type: "application/json; charset=utf-8"
Accept-Language: "en;q=1, fr;q=0.9, de;q=0.8, ja;q=0.7, nl;q=0.6, it;q=0.5"
X-Vine-Client: "ios/1.3.1"
Accept-Encoding: "gzip, deflate"
Connection: "keep-alive"
I, [2013-11-02T17:56:17.666875 #23906]  INFO -- : get https://api.vineapp.com/posts/1
D, [2013-11-02T17:56:17.666960 #23906] DEBUG -- request: User-Agent: "iphone/1.3.1 (iPhone; iOS 6.1.4; Scale/2.00)"
vine-session-id: "973085261472874496-73b1ba72-552e-4f0c-bb16-650d9f7562c3"
Content-Type: "application/json; charset=utf-8"
Accept-Language: "en;q=1, fr;q=0.9, de;q=0.8, ja;q=0.7, nl;q=0.6, it;q=0.5"
X-Vine-Client: "ios/1.3.1"
Accept-Encoding: "gzip, deflate"
Connection: "keep-alive"
I, [2013-11-02T17:56:49.804938 #24113]  INFO -- : get https://api.vineapp.com/posts/1
D, [2013-11-02T17:56:49.805031 #24113] DEBUG -- request: User-Agent: "iphone/1.3.1 (iPhone; iOS 6.1.4; Scale/2.00)"
vine-session-id: "973085261472874496-73b1ba72-552e-4f0c-bb16-650d9f7562c3"
Content-Type: "application/json; charset=utf-8"
Accept-Language: "en;q=1, fr;q=0.9, de;q=0.8, ja;q=0.7, nl;q=0.6, it;q=0.5"
X-Vine-Client: "ios/1.3.1"
Accept-Encoding: "gzip, deflate"
Connection: "keep-alive"
I, [2013-11-02T17:56:50.089308 #24113]  INFO -- Status: 405
D, [2013-11-02T17:56:50.089449 #24113] DEBUG -- response: allow: "OPTIONS, DELETE"
content-type: "text/html"
date: "Sat, 02 Nov 2013 23:56:50 GMT"
strict-transport-security: "max-age=631138519"
content-length: "182"
connection: "keep-alive"
I, [2013-11-02T17:59:45.342983 #24113]  INFO -- : get https://api.vineapp.com/posts/1
D, [2013-11-02T17:59:45.343064 #24113] DEBUG -- request: User-Agent: "iphone/1.3.1 (iPhone; iOS 6.1.4; Scale/2.00)"
vine-session-id: "973085261472874496-73b1ba72-552e-4f0c-bb16-650d9f7562c3"
Content-Type: "application/json; charset=utf-8"
Accept-Language: "en;q=1, fr;q=0.9, de;q=0.8, ja;q=0.7, nl;q=0.6, it;q=0.5"
X-Vine-Client: "ios/1.3.1"
Accept-Encoding: "gzip, deflate"
Connection: "keep-alive"
I, [2013-11-02T17:59:45.789237 #24113]  INFO -- Status: 405
D, [2013-11-02T17:59:45.789387 #24113] DEBUG -- response: allow: "OPTIONS, DELETE"
content-type: "text/html"
date: "Sat, 02 Nov 2013 23:59:45 GMT"
strict-transport-security: "max-age=631138519"
content-length: "182"
connection: "keep-alive"
I, [2013-11-02T17:59:58.183307 #24113]  INFO -- : get https://api.vineapp.com/posts/1
D, [2013-11-02T17:59:58.183382 #24113] DEBUG -- request: User-Agent: "iphone/1.3.1 (iPhone; iOS 6.1.4; Scale/2.00)"
vine-session-id: "973085261472874496-73b1ba72-552e-4f0c-bb16-650d9f7562c3"
Content-Type: "application/json; charset=utf-8"
Accept-Language: "en;q=1, fr;q=0.9, de;q=0.8, ja;q=0.7, nl;q=0.6, it;q=0.5"
X-Vine-Client: "ios/1.3.1"
Accept-Encoding: "gzip, deflate"
Connection: "keep-alive"
I, [2013-11-02T17:59:58.777897 #24113]  INFO -- Status: 405
D, [2013-11-02T17:59:58.778046 #24113] DEBUG -- response: allow: "OPTIONS, DELETE"
content-type: "text/html"
date: "Sat, 02 Nov 2013 23:59:58 GMT"
strict-transport-security: "max-age=631138519"
content-length: "182"
connection: "keep-alive"
I, [2013-11-02T18:03:57.168790 #24461]  INFO -- : get https://api.vineapp.com/posts/a/1
D, [2013-11-02T18:03:57.168885 #24461] DEBUG -- request: User-Agent: "iphone/1.3.1 (iPhone; iOS 6.1.4; Scale/2.00)"
vine-session-id: "973085261472874496-73b1ba72-552e-4f0c-bb16-650d9f7562c3"
Content-Type: "application/json; charset=utf-8"
Accept-Language: "en;q=1, fr;q=0.9, de;q=0.8, ja;q=0.7, nl;q=0.6, it;q=0.5"
X-Vine-Client: "ios/1.3.1"
Accept-Encoding: "gzip, deflate"
Connection: "keep-alive"
I, [2013-11-02T18:04:16.002354 #24461]  INFO -- : get https://api.vineapp.com/posts/a/1
D, [2013-11-02T18:04:16.002427 #24461] DEBUG -- request: User-Agent: "iphone/1.3.1 (iPhone; iOS 6.1.4; Scale/2.00)"
vine-session-id: "973085261472874496-73b1ba72-552e-4f0c-bb16-650d9f7562c3"
Content-Type: "application/json; charset=utf-8"
Accept-Language: "en;q=1, fr;q=0.9, de;q=0.8, ja;q=0.7, nl;q=0.6, it;q=0.5"
X-Vine-Client: "ios/1.3.1"
Accept-Encoding: "gzip, deflate"
Connection: "keep-alive"
I, [2013-11-02T18:07:22.576692 #24656]  INFO -- : get https://api.vineapp.com/posts/1
D, [2013-11-02T18:07:22.576784 #24656] DEBUG -- request: User-Agent: "iphone/1.3.1 (iPhone; iOS 6.1.4; Scale/2.00)"
vine-session-id: "973085261472874496-73b1ba72-552e-4f0c-bb16-650d9f7562c3"
Content-Type: "application/json; charset=utf-8"
Accept-Language: "en;q=1, fr;q=0.9, de;q=0.8, ja;q=0.7, nl;q=0.6, it;q=0.5"
X-Vine-Client: "ios/1.3.1"
Accept-Encoding: "gzip, deflate"
Connection: "keep-alive"
I, [2013-11-02T18:07:50.770337 #24727]  INFO -- : get https://api.vineapp.com/posts/1
D, [2013-11-02T18:07:50.770426 #24727] DEBUG -- request: User-Agent: "iphone/1.3.1 (iPhone; iOS 6.1.4; Scale/2.00)"
vine-session-id: "973085261472874496-73b1ba72-552e-4f0c-bb16-650d9f7562c3"
Content-Type: "application/json; charset=utf-8"
Accept-Language: "en;q=1, fr;q=0.9, de;q=0.8, ja;q=0.7, nl;q=0.6, it;q=0.5"
X-Vine-Client: "ios/1.3.1"
Accept-Encoding: "gzip, deflate"
Connection: "keep-alive"
I, [2013-11-02T18:08:04.721565 #24727]  INFO -- : get https://api.vineapp.com/posts/1
D, [2013-11-02T18:08:04.721638 #24727] DEBUG -- request: User-Agent: "iphone/1.3.1 (iPhone; iOS 6.1.4; Scale/2.00)"
vine-session-id: "973085261472874496-73b1ba72-552e-4f0c-bb16-650d9f7562c3"
Content-Type: "application/json; charset=utf-8"
Accept-Language: "en;q=1, fr;q=0.9, de;q=0.8, ja;q=0.7, nl;q=0.6, it;q=0.5"
X-Vine-Client: "ios/1.3.1"
Accept-Encoding: "gzip, deflate"
Connection: "keep-alive"
I, [2013-11-02T18:09:10.035314 #24727]  INFO -- : get https://api.vineapp.com/posts/1
D, [2013-11-02T18:09:10.035401 #24727] DEBUG -- request: User-Agent: "iphone/1.3.1 (iPhone; iOS 6.1.4; Scale/2.00)"
vine-session-id: "973085261472874496-73b1ba72-552e-4f0c-bb16-650d9f7562c3"
Content-Type: "application/json; charset=utf-8"
Accept-Language: "en;q=1, fr;q=0.9, de;q=0.8, ja;q=0.7, nl;q=0.6, it;q=0.5"
X-Vine-Client: "ios/1.3.1"
Accept-Encoding: "gzip, deflate"
Connection: "keep-alive"
I, [2013-11-02T18:11:23.638550 #24906]  INFO -- : get https://api.vineapp.com/posts/1
D, [2013-11-02T18:11:23.638639 #24906] DEBUG -- request: User-Agent: "iphone/1.3.1 (iPhone; iOS 6.1.4; Scale/2.00)"
vine-session-id: "973085261472874496-73b1ba72-552e-4f0c-bb16-650d9f7562c3"
Content-Type: "application/json; charset=utf-8"
Accept-Language: "en;q=1, fr;q=0.9, de;q=0.8, ja;q=0.7, nl;q=0.6, it;q=0.5"
X-Vine-Client: "ios/1.3.1"
Accept-Encoding: "gzip, deflate"
Connection: "keep-alive"
I, [2013-11-02T18:11:24.173437 #24906]  INFO -- Status: 405
D, [2013-11-02T18:11:24.173522 #24906] DEBUG -- response: allow: "OPTIONS, DELETE"
content-type: "text/html"
date: "Sun, 03 Nov 2013 00:11:24 GMT"
strict-transport-security: "max-age=631138519"
connection: "keep-alive"
content-length: "182"
I, [2013-11-02T18:13:06.320063 #24906]  INFO -- : get https://api.vineapp.com/timelines/posts/1
D, [2013-11-02T18:13:06.320142 #24906] DEBUG -- request: User-Agent: "iphone/1.3.1 (iPhone; iOS 6.1.4; Scale/2.00)"
vine-session-id: "973085261472874496-73b1ba72-552e-4f0c-bb16-650d9f7562c3"
Content-Type: "application/json; charset=utf-8"
Accept-Language: "en;q=1, fr;q=0.9, de;q=0.8, ja;q=0.7, nl;q=0.6, it;q=0.5"
X-Vine-Client: "ios/1.3.1"
Accept-Encoding: "gzip, deflate"
Connection: "keep-alive"
I, [2013-11-02T18:13:06.676841 #24906]  INFO -- Status: 200
D, [2013-11-02T18:13:06.676984 #24906] DEBUG -- response: content-encoding: "gzip"
content-type: "application/json"
date: "Sun, 03 Nov 2013 00:13:06 GMT"
strict-transport-security: "max-age=631138519"
connection: "keep-alive"
content-length: "3065"
I, [2013-11-02T18:16:48.017355 #25173]  INFO -- : get https://api.vineapp.com/timelines/posts/1
D, [2013-11-02T18:16:48.017456 #25173] DEBUG -- request: User-Agent: "iphone/1.3.1 (iPhone; iOS 6.1.4; Scale/2.00)"
vine-session-id: "973085261472874496-73b1ba72-552e-4f0c-bb16-650d9f7562c3"
Content-Type: "application/json; charset=utf-8"
Accept-Language: "en;q=1, fr;q=0.9, de;q=0.8, ja;q=0.7, nl;q=0.6, it;q=0.5"
X-Vine-Client: "ios/1.3.1"
Accept-Encoding: "gzip, deflate"
Connection: "keep-alive"
I, [2013-11-02T18:16:48.365956 #25173]  INFO -- Status: 200
D, [2013-11-02T18:16:48.366044 #25173] DEBUG -- response: content-encoding: "gzip"
content-type: "application/json"
date: "Sun, 03 Nov 2013 00:16:48 GMT"
strict-transport-security: "max-age=631138519"
connection: "keep-alive"
content-length: "3065"
I, [2013-11-02T18:17:32.188967 #25173]  INFO -- : get https://api.vineapp.com/timelines/posts/1
D, [2013-11-02T18:17:32.189038 #25173] DEBUG -- request: User-Agent: "iphone/1.3.1 (iPhone; iOS 6.1.4; Scale/2.00)"
vine-session-id: "973085261472874496-73b1ba72-552e-4f0c-bb16-650d9f7562c3"
Content-Type: "application/json; charset=utf-8"
Accept-Language: "en;q=1, fr;q=0.9, de;q=0.8, ja;q=0.7, nl;q=0.6, it;q=0.5"
X-Vine-Client: "ios/1.3.1"
Accept-Encoding: "gzip, deflate"
Connection: "keep-alive"
I, [2013-11-02T18:17:32.743653 #25173]  INFO -- Status: 200
D, [2013-11-02T18:17:32.743795 #25173] DEBUG -- response: content-encoding: "gzip"
content-type: "application/json"
date: "Sun, 03 Nov 2013 00:17:32 GMT"
strict-transport-security: "max-age=631138519"
connection: "keep-alive"
content-length: "3065"
I, [2013-11-02T18:27:11.270314 #25173]  INFO -- : get https://api.vineapp.com/timelines/posts/1
D, [2013-11-02T18:27:11.292801 #25173] DEBUG -- request: User-Agent: "iphone/1.3.1 (iPhone; iOS 6.1.4; Scale/2.00)"
vine-session-id: "973085261472874496-73b1ba72-552e-4f0c-bb16-650d9f7562c3"
Content-Type: "application/json; charset=utf-8"
Accept-Language: "en;q=1, fr;q=0.9, de;q=0.8, ja;q=0.7, nl;q=0.6, it;q=0.5"
X-Vine-Client: "ios/1.3.1"
Accept-Encoding: "gzip, deflate"
Connection: "keep-alive"
I, [2013-11-02T18:27:12.115149 #25173]  INFO -- Status: 200
D, [2013-11-02T18:27:12.115292 #25173] DEBUG -- response: content-encoding: "gzip"
content-type: "application/json"
date: "Sun, 03 Nov 2013 00:27:12 GMT"
strict-transport-security: "max-age=631138519"
connection: "keep-alive"
content-length: "3065"
I, [2013-11-02T18:32:47.652836 #25923]  INFO -- : get https://api.vineapp.com/timelines/posts/1
D, [2013-11-02T18:32:47.653040 #25923] DEBUG -- request: User-Agent: "iphone/1.3.1 (iPhone; iOS 6.1.4; Scale/2.00)"
vine-session-id: "973085261472874496-73b1ba72-552e-4f0c-bb16-650d9f7562c3"
Content-Type: "application/json; charset=utf-8"
Accept-Language: "en;q=1, fr;q=0.9, de;q=0.8, ja;q=0.7, nl;q=0.6, it;q=0.5"
X-Vine-Client: "ios/1.3.1"
Accept-Encoding: "gzip, deflate"
Connection: "keep-alive"
I, [2013-11-02T18:32:48.350193 #25923]  INFO -- Status: 200
D, [2013-11-02T18:32:48.350332 #25923] DEBUG -- response: content-encoding: "gzip"
content-type: "application/json"
date: "Sun, 03 Nov 2013 00:32:48 GMT"
strict-transport-security: "max-age=631138519"
content-length: "3065"
connection: "keep-alive"
I, [2013-11-02T19:00:54.818506 #27645]  INFO -- : get https://api.vineapp.com/timelines/posts/1
D, [2013-11-02T19:00:54.832030 #27645] DEBUG -- request: User-Agent: "iphone/1.3.1 (iPhone; iOS 6.1.4; Scale/2.00)"
vine-session-id: "973085261472874496-73b1ba72-552e-4f0c-bb16-650d9f7562c3"
Content-Type: "application/json; charset=utf-8"
Accept-Language: "en;q=1, fr;q=0.9, de;q=0.8, ja;q=0.7, nl;q=0.6, it;q=0.5"
X-Vine-Client: "ios/1.3.1"
Accept-Encoding: "gzip, deflate"
Connection: "keep-alive"
I, [2013-11-02T19:00:55.745291 #27645]  INFO -- Status: 200
D, [2013-11-02T19:00:55.745395 #27645] DEBUG -- response: content-encoding: "gzip"
content-type: "application/json"
date: "Sun, 03 Nov 2013 01:00:55 GMT"
strict-transport-security: "max-age=631138519"
content-length: "3065"
connection: "keep-alive"
I, [2013-11-02T19:01:02.862824 #27645]  INFO -- : get https://api.vineapp.com/timelines/posts/1
D, [2013-11-02T19:01:02.862956 #27645] DEBUG -- request: User-Agent: "iphone/1.3.1 (iPhone; iOS 6.1.4; Scale/2.00)"
vine-session-id: "973085261472874496-73b1ba72-552e-4f0c-bb16-650d9f7562c3"
Content-Type: "application/json; charset=utf-8"
Accept-Language: "en;q=1, fr;q=0.9, de;q=0.8, ja;q=0.7, nl;q=0.6, it;q=0.5"
X-Vine-Client: "ios/1.3.1"
Accept-Encoding: "gzip, deflate"
Connection: "keep-alive"
I, [2013-11-02T19:01:03.160291 #27645]  INFO -- Status: 200
D, [2013-11-02T19:01:03.160434 #27645] DEBUG -- response: content-encoding: "gzip"
content-type: "application/json"
date: "Sun, 03 Nov 2013 01:01:03 GMT"
strict-transport-security: "max-age=631138519"
transfer-encoding: "chunked"
connection: "keep-alive"
I, [2013-11-02T19:09:08.555158 #27648]  INFO -- : get https://api.vineapp.com/timelines/posts/1
D, [2013-11-02T19:09:08.555257 #27648] DEBUG -- request: User-Agent: "iphone/1.3.1 (iPhone; iOS 6.1.4; Scale/2.00)"
vine-session-id: "973085261472874496-73b1ba72-552e-4f0c-bb16-650d9f7562c3"
Content-Type: "application/json; charset=utf-8"
Accept-Language: "en;q=1, fr;q=0.9, de;q=0.8, ja;q=0.7, nl;q=0.6, it;q=0.5"
X-Vine-Client: "ios/1.3.1"
Accept-Encoding: "gzip, deflate"
Connection: "keep-alive"
I, [2013-11-02T19:09:08.959298 #27648]  INFO -- Status: 200
D, [2013-11-02T19:09:08.959449 #27648] DEBUG -- response: content-encoding: "gzip"
content-type: "application/json"
date: "Sun, 03 Nov 2013 01:09:08 GMT"
strict-transport-security: "max-age=631138519"
content-length: "3065"
connection: "keep-alive"
I, [2013-11-02T19:32:14.831233 #28461]  INFO -- : get https://api.vineapp.com/timelines/posts/1
D, [2013-11-02T19:32:14.831336 #28461] DEBUG -- request: User-Agent: "iphone/1.3.1 (iPhone; iOS 6.1.4; Scale/2.00)"
vine-session-id: "973085261472874496-73b1ba72-552e-4f0c-bb16-650d9f7562c3"
Content-Type: "application/json; charset=utf-8"
Accept-Language: "en;q=1, fr;q=0.9, de;q=0.8, ja;q=0.7, nl;q=0.6, it;q=0.5"
X-Vine-Client: "ios/1.3.1"
Accept-Encoding: "gzip, deflate"
Connection: "keep-alive"
I, [2013-11-02T19:32:15.279220 #28461]  INFO -- Status: 200
D, [2013-11-02T19:32:15.279353 #28461] DEBUG -- response: content-encoding: "gzip"
content-type: "application/json"
date: "Sun, 03 Nov 2013 01:32:15 GMT"
strict-transport-security: "max-age=631138519"
content-length: "3062"
connection: "keep-alive"
